7.791769821569208831e-01
7.553232572797424771e-01
7.533236104774835296e-01
7.219018509035091125e-01
6.862213790986461115e-01
7.374368328784091098e-01
6.844110596992419859e-01
7.068854688998770230e-01
7.107575524372938824e-01
5.834728575465053524e-01
7.567351002314023356e-01
6.895541027064773232e-01
7.294265230297153346e-01
7.190319586173543609e-01
7.532031412966554429e-01
7.150623269105069735e-01
7.161490172634931151e-01
6.759558755774136563e-01
7.475501327806790552e-01
7.432718086571886706e-01
8.406908310048089028e-01
7.686009791482997233e-01
7.397068958214446655e-01
7.846062406118008425e-01
7.777560243961123554e-01
7.677391118991121477e-01
7.661815374148578384e-01
7.762809846623991428e-01
7.760344027481738127e-01
7.659281223373569647e-01
7.745083130161859453e-01
7.507486430414033185e-01
7.924230300386453374e-01
7.878761868709589500e-01
7.683407376676244516e-01
7.177225896537247074e-01
8.400852126463945746e-01
7.810286326854057881e-01
8.037434152342011195e-01
7.221890422259510389e-01
7.908375011406485466e-01
7.377058497089421518e-01
7.216605973383289907e-01
7.183125281459750155e-01
7.032001280051928260e-01
7.844840228535182591e-01
6.545112763664142630e-01
6.069815830291352965e-01
7.283510208585867174e-01
5.936737067021614633e-01
7.531805855728143095e-01
7.634673315772434465e-01
7.414581521527162655e-01
7.685293580497591925e-01
6.817974607888115379e-01
7.498225227340908905e-01
8.001346248370612146e-01
8.184468980534904681e-01
7.418770059804797867e-01
7.507896988910501834e-01
7.668856618111781209e-01
7.298092232153280401e-01
7.596997603791809661e-01
7.173021863406783272e-01
8.349685507891143610e-01
7.714124380282534332e-01
7.483776894974388805e-01
7.710054794710081705e-01
6.952433573804719380e-01
7.731877900060465381e-01
7.483592400119725152e-01
7.164945618126816740e-01
7.241404568523411855e-01
5.641094822740482240e-01
7.433339213072492901e-01
6.325579471870593773e-01
6.471842486714383114e-01
6.594990486691252318e-01
6.305986859586294457e-01
6.794882954220291538e-01
7.221418768343829120e-01
7.412532045768061018e-01
7.255507433673623607e-01
8.084600911697362724e-01
7.754167446457771451e-01
7.889905128869438844e-01
7.242079597207691233e-01
7.084895729357373328e-01
7.658998935138143782e-01
7.971012425012020675e-01
7.575544671287368637e-01
7.765001594626750325e-01
8.530648674898927419e-01
7.528060579012284537e-01
8.243084440212165021e-01
7.246783550348776526e-01
7.865339149239642946e-01
7.951848283742314338e-01
8.056385690429119784e-01
8.036841909093854763e-01
8.084391124671127526e-01
7.980435632599923723e-01
7.939122779414532483e-01
7.859923513331230627e-01
6.851204937232586722e-01
6.907414257605422048e-01
7.693761701960847299e-01
6.827324754989329003e-01
7.046463185022087128e-01
7.110570205866040272e-01
6.860272920843838440e-01
8.179926782078906777e-01
7.444737748096890151e-01
7.607337445462318826e-01
8.074552189750691111e-01
8.378113156878292944e-01
7.611887137045789675e-01
7.559153814110685099e-01
7.635911962014494403e-01
7.428031237921899343e-01
7.664773866287466486e-01
7.289949095387883160e-01
6.849441068451860293e-01
6.799309029315149244e-01
7.409561088222915703e-01
7.913041234259871048e-01
7.423354703424747125e-01
7.290184708543494541e-01
6.712931940130415498e-01
8.267330115540827418e-01
8.033956030533265791e-01
7.820792345589133721e-01
7.450519249817625367e-01
7.615013363178612105e-01
7.301478472660056784e-01
7.543875523047838261e-01
8.041479962667130721e-01
8.050040466653171078e-01
7.630917250198671065e-01
7.565315728641804904e-01
6.562984871030429490e-01
7.158181613915354236e-01
7.117606205105589945e-01
6.914738610768847993e-01
7.314200807141935101e-01
7.184071993765352993e-01
7.039585949283481137e-01
8.106485454025393889e-01
7.005827907056223491e-01
7.000662682701156436e-01
7.386613602167202419e-01
7.135295362178379897e-01
6.263193039333818657e-01
7.391214338933328465e-01
7.900029134363757422e-01
6.618030831023526961e-01
8.244435905575060453e-01
6.815104764426185291e-01
7.445726184959747807e-01
7.117799245844075307e-01
6.069469926293273865e-01
7.764564426555028431e-01
6.543443706965530460e-01
7.240478477561479442e-01
7.932420862799005601e-01
6.934101701486515834e-01
6.679705412940153408e-01
6.857157328780335570e-01
6.515750852245107971e-01
7.356205050205124607e-01
8.294395681864479286e-01
7.393958277073559016e-01
7.226902454464680936e-01
7.480744509475381054e-01
7.460001992306001251e-01
7.929823364272979846e-01
7.641498451147158422e-01
6.342010076170929711e-01
7.257140633218110981e-01
7.845898982736390082e-01
6.545027965511671653e-01
7.142167224712466789e-01
7.413641792451908241e-01
8.194467144332649999e-01
7.468476619945797479e-01
7.192277433753276883e-01
7.887401721514284425e-01
6.853481896269516538e-01
7.237174438875236815e-01
7.009225839182974260e-01
6.519505609638135413e-01
6.779567352579717321e-01
6.871480361946865623e-01
6.781458296372940842e-01
7.457430154312684190e-01
7.420550124430265182e-01
7.395436483273583050e-01
7.550764689389372064e-01
7.828640912305910859e-01
6.188584550366952319e-01
5.865871317609774316e-01
7.887874346618399812e-01
7.528400647314184013e-01
7.399180093529872382e-01
7.214993569651715344e-01
7.662706484046070132e-01
7.682421425047128993e-01
7.633372687773720688e-01
7.708376990905836390e-01
7.525196135878506887e-01
6.519528870064706938e-01
7.052961997691112872e-01
6.776215167197098266e-01
7.213037764803801322e-01
7.348567392017619770e-01
6.900038019849140669e-01
6.697224066870940407e-01
6.920932243505110160e-01
6.056066015545834569e-01
7.131770386146361052e-01
6.393950814479236744e-01
6.075965124497006986e-01
6.804478826267701397e-01
7.031456418364825378e-01
7.676765160411087585e-01
7.099870911975771914e-01
8.190538643503936234e-01
6.736200802013257993e-01
7.762490818332029585e-01
7.371396454375634955e-01
6.950533840874297820e-01
7.141426631432505889e-01
8.062053083176833335e-01
8.172643111046636877e-01
6.888280856902778693e-01
7.043930797959615520e-01
4.381479052362046156e-01
7.181796977002221638e-01
7.575652947271013238e-01
7.928251567698528790e-01
7.300051754141126947e-01
6.881644418273931141e-01
6.530017866271146110e-01
5.824195566359370302e-01
5.833698593521481346e-01
6.079036834060843608e-01
6.066582998919954894e-01
7.732846302306007891e-01
6.629791666717355092e-01
6.327699313241905710e-01
6.933639469873310590e-01
7.201055906588893496e-01
7.105488101076999907e-01
5.299826844556017047e-01
7.132169091146749462e-01
7.555668751332015320e-01
6.531539308839344748e-01
7.025632997030268889e-01
6.317833185750553193e-01
8.165752910658140573e-01
7.720949436550506029e-01
7.189575829986564193e-01
6.886316262354729156e-01
7.155586112185565728e-01
7.277124698229034960e-01
6.748763882256041402e-01
7.240012363750950586e-01
6.795784308569382537e-01
6.891983252958965300e-01
7.819473581692483188e-01
5.961684721021811573e-01
6.115738980575853301e-01
6.840021025149127798e-01
5.809624108680464527e-01
6.235359792005407131e-01
6.700113101085692913e-01
7.444130687631361765e-01
7.663943003018426348e-01
7.295796373626100007e-01
8.759925595584334701e-01
7.939455869872548144e-01
6.842596121399286968e-01
7.154930674073548547e-01
7.962158900103732950e-01
7.437045972858022935e-01
6.985114436520198922e-01
6.682958718785563246e-01
8.546175413007545130e-01
8.193303981209534292e-01
8.137783833891879537e-01
8.214955854786756273e-01
7.198738537755751121e-01
7.345613541271279745e-01
6.407136282681349382e-01
6.486792758394298586e-01
8.134002328281156879e-01
6.749978044994757731e-01
7.008354681671388198e-01
6.820081188836925046e-01
5.496000914780939661e-01
5.668543032010315841e-01
6.120364538864232484e-01
5.633773530474124325e-01
6.868697288408707191e-01
6.952013304843615016e-01
7.313497915548116124e-01
5.102515743496751632e-01
5.793877284167743280e-01
7.766024180525484821e-01
7.359684948284508366e-01
7.184332752818429757e-01
6.996429055834402222e-01
7.133247168007571526e-01
7.549487059864880001e-01
6.671780843286295726e-01
6.557880263068240900e-01
6.497806221197441889e-01
6.146592108667208176e-01
7.103045083194032827e-01
7.173581540130783418e-01
7.341477419156502426e-01
5.728237765683686922e-01
7.038812432781579309e-01
7.586304682884662531e-01
6.451651976731476168e-01
5.849068307003545408e-01
7.137208900355607177e-01
7.031712072174950423e-01
7.686073509972858320e-01
6.819277870093181093e-01
7.547616761706271715e-01
7.236583963863478797e-01
7.245084724116417352e-01
7.507266433119964555e-01
7.168107247616659627e-01
7.070656872326088749e-01
7.343820428096495823e-01
7.369650699297851659e-01
7.416730839464206193e-01
6.969410736448276023e-01
7.587207312923426317e-01
8.078399284733178698e-01
7.728715846090776775e-01
7.029698911897523939e-01
7.631439008949166825e-01
7.364293796363232669e-01
7.664841469698181475e-01
7.868735818175734975e-01
7.717247756656899771e-01
7.373074140813165034e-01
7.372556221999909676e-01
7.963771693040979649e-01
7.923440611667987854e-01
7.672447803349702333e-01
8.236978286954019790e-01
7.013927492234448557e-01
6.104241750806957967e-01
6.670977945214614513e-01
7.501237660993421708e-01
6.897977429620524292e-01
7.525198177035716807e-01
8.112217633350641277e-01
7.082879190729649554e-01
8.075267548967998144e-01
6.951842806604695557e-01
8.148551330289105499e-01
7.010519921393537635e-01
7.080010255215669623e-01
7.765858671736985963e-01
6.822923246046157519e-01
7.489019694385616877e-01
7.132322863333627749e-01
6.356750719204200539e-01
7.656175142229149078e-01
7.983025727419755802e-01
7.207960901450881641e-01
7.490179397723858434e-01
7.371562542261985707e-01
6.733351498067693397e-01
7.075736359801683140e-01
7.956560942520861657e-01
6.938078376649049472e-01
6.635273385302233873e-01
6.962908984550000291e-01
5.114097151359824345e-01
6.349801751343314704e-01
6.969014393802002161e-01
7.907682678189058567e-01
8.176458135445031639e-01
6.123862756687873388e-01
6.825115105833917672e-01
6.373884912726858198e-01
7.191354609885559634e-01
6.839684596170462205e-01
7.333812591276510640e-01
6.787209788430079715e-01
7.212965985714595574e-01
7.238219561557585058e-01
6.465163810393546040e-01
7.348905645224168559e-01
7.353251165446083037e-01
6.766396056810165538e-01
7.054513876680382767e-01
7.432246339024952686e-01
7.735025680272650250e-01
6.819369857713274419e-01
7.908577399060658930e-01
8.049600377262770001e-01
7.878799366085723621e-01
8.175090360610723916e-01
6.935826526343699117e-01
6.770657628982150733e-01
6.379293568552214522e-01
6.832948687312554448e-01
6.484276368987671457e-01
7.194595216159387352e-01
6.625464339645303902e-01
7.443249703348511215e-01
7.253503143020874067e-01
7.700169215458370076e-01
7.566947880119314629e-01
7.606092245487057202e-01
7.253540894318639687e-01
7.533519239449424365e-01
7.507309090886002956e-01
7.488185367104704948e-01
7.159519049669816892e-01
7.334742330394840026e-01
7.417116198646419578e-01
7.654001603852325086e-01
7.729623761370546520e-01
7.252221283900847082e-01
7.259085740885792282e-01
8.326689261624835581e-01
8.054120733059252357e-01
8.289029174552832169e-01
7.420783368335326369e-01
7.073384770896548046e-01
5.978798317978165633e-01
7.052605967875401616e-01
6.913313568653340901e-01
7.537142719474947405e-01
7.294959441163122449e-01
7.830677763608456798e-01
7.428485374904244543e-01
7.280221661280363854e-01
7.538143537223667145e-01
7.314933799094422984e-01
7.994194296759324914e-01
7.930746671175481488e-01
7.541098311659364395e-01
7.710839503829939323e-01
7.286600321122280732e-01
7.035420436776868014e-01
7.401016074668442801e-01
5.953546652550884000e-01
6.607803152244872136e-01
8.207966792965142311e-01
7.824000506035165836e-01
7.355771310794692042e-01
6.270615897090477953e-01
6.247512507297430240e-01
7.011940280144700610e-01
7.667467528916925845e-01
7.865263788497467434e-01
7.355108901752079875e-01
7.844238269642686001e-01
7.142575433832575316e-01
7.474265680266763967e-01
7.422176553208199579e-01
7.642632639324191679e-01
6.225536593825002907e-01
6.784980360523333864e-01
7.685488380123475238e-01
7.372679090233171806e-01
7.037389874984667504e-01
6.879422231423342193e-01
7.384649921540039630e-01
7.609329548956891287e-01
7.806992661544908119e-01
6.570208294256727477e-01
7.880508146453480967e-01
6.833273969289402894e-01
7.856876505519228004e-01
7.206223040030783622e-01
7.006128456124189885e-01
7.719133885102904546e-01
7.095269866506309642e-01
7.456490453734502255e-01
7.202306586578669512e-01
7.266368571266740295e-01
7.878677662317161712e-01
4.550614519418691994e-01
6.764722296119994871e-01
6.615484795674666518e-01
3.616335950586329062e-01
6.143932325948597839e-01
4.292904648151801839e-01
4.722852981216483781e-01
6.679613592994475546e-01
5.403918233023676798e-01
6.827333927513181688e-01
6.043111197821328107e-01
6.577067392118206568e-01
6.587733906493831171e-01
7.878986060070042319e-01
7.072442554106525003e-01
7.527180643033658525e-01
7.216608097478977024e-01
6.550268970583685846e-01
7.579267075540336851e-01
7.824218541741152499e-01
7.640785757023104141e-01
7.730004860696423341e-01
7.657511843603576063e-01
7.798634860302778860e-01
7.834197760072481032e-01
7.627811014552116076e-01
7.442188949366650430e-01
7.013966893912694234e-01
7.163560242375078824e-01
7.289921187397212510e-01
6.819492485510881830e-01
7.431696787542725335e-01
6.419996546557759087e-01
6.449029658606209026e-01
7.107073487029534897e-01
7.448746135023608383e-01
7.051970974740152664e-01
6.195541178230961066e-01
6.452171100726339370e-01
6.488325897334329406e-01
6.883057967414555334e-01
6.391776432665581265e-01
8.043339556471568175e-01
8.571952513019056585e-01
8.747717290594982931e-01
8.704188843624096616e-01
7.510232270773390395e-01
8.379334306299253132e-01
8.440886819821253884e-01
8.723464984814960355e-01
8.329148462818627419e-01
7.655469803888755864e-01
8.015594713676398309e-01
7.120706797401669119e-01
6.657399876114566961e-01
5.990555139060336209e-01
5.943435632693654380e-01
6.424930920668865397e-01
5.573200866228080752e-01
4.907499195453466911e-01
5.345882528537433398e-01
5.112158110491924479e-01
6.086117806756792259e-01
6.348353202627490255e-01
6.436141413161344804e-01
4.989820203597594706e-01
4.128566488595432626e-01
4.369643369953800094e-01
7.815750697728161001e-01
7.973541707554080427e-01
7.885520103825579552e-01
7.859009873578473027e-01
7.201078645171099524e-01
7.798529832854006472e-01
7.421144778153327959e-01
7.424727189060650323e-01
7.427137818892443066e-01
7.357174722405458445e-01
8.032175414427390470e-01
8.012133006849566641e-01
8.056107330885121653e-01
6.985800741164041039e-01
6.930208315229339222e-01
7.693429855237173820e-01
7.280278824581045694e-01
7.415939212011044557e-01
6.138712476006590313e-01
5.964321273399624257e-01
7.641904181475622782e-01
7.474125040575556600e-01
7.075147313314180675e-01
6.549784890059376918e-01
6.601045465559566283e-01
6.547228857528115675e-01
6.479827370301134426e-01
6.798555033369811929e-01
6.428453314787436756e-01
6.819559535111593407e-01
6.384453899688581346e-01
6.436587543688667701e-01
6.775725363945749313e-01
4.696820951459826365e-01
6.608520450239828703e-01
6.639035775319073185e-01
6.748221705542640780e-01
7.478989915537883615e-01
7.330938335445172926e-01
8.073162522172014910e-01
7.387651994866362148e-01
7.900835350095148923e-01
7.847584439874321083e-01
7.982575121524485562e-01
6.393650980127328909e-01
7.003748132344810307e-01
7.318171374910852345e-01
7.051529780804287606e-01
6.976466157299904269e-01
6.978176222395459094e-01
6.665261582813448715e-01
6.515258080912539329e-01
7.045834734716894809e-01
6.974837122086667840e-01
6.867715430944205668e-01
6.884108515935151162e-01
6.640020116939899797e-01
6.423381365931933873e-01
6.861452591844896531e-01
7.559579636544312420e-01
8.373822508779319440e-01
7.203316967211557120e-01
6.966409919503339099e-01
7.162468611097819737e-01
7.160875666419954655e-01
7.344455467222145151e-01
8.061536232906765242e-01
7.545759520305463930e-01
7.338646139238543809e-01
7.359749395726742360e-01
6.911674210250320360e-01
6.413109120849352918e-01
6.878511774886110208e-01
6.950004565918794786e-01
6.538935738342527282e-01
7.129879747043937899e-01
7.355045791519705389e-01
7.047105211864663765e-01
