8.089492395012856107e-01
8.388673118665824768e-01
8.425144378786419974e-01
8.571722445001711543e-01
8.416194104298575507e-01
8.599830516071593767e-01
8.551539793252941335e-01
8.504481607868722426e-01
8.445376528508006242e-01
8.322491127108274656e-01
8.607852629012447965e-01
8.338982574599026476e-01
8.373327168584453473e-01
8.600635915494388994e-01
8.570715775155293148e-01
8.519376646782859108e-01
8.579236257358207052e-01
8.428572183730694833e-01
8.550505546213301722e-01
8.081817082523790052e-01
8.696442471558276655e-01
8.580227881163138282e-01
8.504030071915392730e-01
8.458228284988421608e-01
8.743288729842234597e-01
8.720181513331781709e-01
8.727939610916428670e-01
8.734365654211543317e-01
8.717767212255027598e-01
8.709764991344722818e-01
8.766099518799395085e-01
8.735703998887039967e-01
8.750249744902938165e-01
8.739434542198351030e-01
8.642745760441896685e-01
8.633754918816231028e-01
8.739018536236056178e-01
8.612763373747658324e-01
8.838254929387743264e-01
8.685232482372884366e-01
8.572676543823889439e-01
8.509392829156353644e-01
8.570507602382140266e-01
8.612290221843571514e-01
8.215124715253359078e-01
8.523458822801024404e-01
8.220456009317157475e-01
8.313967703328021264e-01
8.399507703086407373e-01
8.427307773301935256e-01
8.484021749927100897e-01
8.423634855801163113e-01
8.600428516531234413e-01
8.774582689470274977e-01
8.495682584662289649e-01
8.375820964154105930e-01
8.432565406173707645e-01
8.637609476115793994e-01
8.551371150096310769e-01
8.583173862333033366e-01
8.548884417239465128e-01
8.546289004429952207e-01
8.589404471633904636e-01
8.452841151692900290e-01
8.518330544962288142e-01
8.511078764380980433e-01
8.517659774399767292e-01
8.617229803651310638e-01
8.556767985266547916e-01
8.478223252245287167e-01
8.349374754054070813e-01
8.765978576075575956e-01
8.635283439105247982e-01
8.415163648171660737e-01
8.760766208589501058e-01
8.369192565035188380e-01
8.601914737559623880e-01
8.384698055654548066e-01
8.516019489258195296e-01
8.605618856832282226e-01
8.212986915621677264e-01
8.626051528058338302e-01
8.191539674327574794e-01
8.787016007506999182e-01
8.856391087316385358e-01
8.792125950522634570e-01
8.559201808146578161e-01
8.667532898936063379e-01
8.602650566759493245e-01
8.807427174510106260e-01
8.801527467394667514e-01
8.800760271274510327e-01
8.355432434569685096e-01
8.614898347728991990e-01
8.936461553054955154e-01
8.666166282781292418e-01
8.776521643723514954e-01
8.854892553375617315e-01
8.769993525975683379e-01
8.840449326443490241e-01
8.782920088295428362e-01
8.865584720522033946e-01
8.836847322985630360e-01
8.734560716295628469e-01
8.524561425150177785e-01
8.545057323170259789e-01
8.675553902693886599e-01
8.686704439942543043e-01
8.641690038567428900e-01
8.615126925353207010e-01
8.600167079018586902e-01
8.734709642462525903e-01
8.720940451838739005e-01
8.466814737965815407e-01
8.913712718799556844e-01
8.945308602381382146e-01
8.515654081392114438e-01
8.485565160217920511e-01
8.656742941762914922e-01
8.597184307901009070e-01
8.621726050985015766e-01
8.465235958639731884e-01
8.612099673370281483e-01
8.657970003938995074e-01
8.721398911827610290e-01
8.706255623311754954e-01
8.556384356432521487e-01
8.558725016608927927e-01
8.127039576437131707e-01
8.690037277509248259e-01
8.593462348775178228e-01
8.547493710872943184e-01
8.712165446317559070e-01
8.728125020802236511e-01
8.700514347759001899e-01
8.741919040179958467e-01
8.768961529641462471e-01
8.923212981350466810e-01
8.783904554738726222e-01
8.668959326291525436e-01
8.545019253216208366e-01
8.616575384813188743e-01
8.677173746323119108e-01
8.531772548222629204e-01
8.708428323401719018e-01
8.724499787638589909e-01
8.596932505216801079e-01
8.662862230119575679e-01
8.575321944915528238e-01
8.682034756502065020e-01
8.529116235855026540e-01
8.411408499016880258e-01
8.375658891085356883e-01
8.553950274612425186e-01
8.616827192736705721e-01
8.478224509087858296e-01
8.660613300638863032e-01
8.568361751962685346e-01
8.460881859562117135e-01
8.575348113033823827e-01
8.271800301638637665e-01
8.373364496972128812e-01
8.461789775083599086e-01
8.781181965716244875e-01
8.512868223035506832e-01
8.579308214801590893e-01
8.505029146590910027e-01
8.434532490472254063e-01
8.430914348565958782e-01
8.442313950383231180e-01
8.658061796399131316e-01
8.554129209406236001e-01
8.550739100207326304e-01
8.484671303089752481e-01
8.590959953147622175e-01
8.685236839275406462e-01
8.551701345581493863e-01
8.496675377865497980e-01
8.644217255170814074e-01
8.494159097793733126e-01
8.343230128782016530e-01
8.600527819787068262e-01
8.555950843495733205e-01
8.584758931807325855e-01
8.419651955260049059e-01
8.482846987799863570e-01
8.612817787153724813e-01
8.555629968673699182e-01
8.623791692083295768e-01
8.468508652222018762e-01
8.574590524153685722e-01
8.537230719303355864e-01
8.640606423840886396e-01
8.554927077981822059e-01
8.697352312418860087e-01
8.633486076365536332e-01
8.607969287887342613e-01
8.772285595968717375e-01
8.856318890326569937e-01
8.391902239347069914e-01
8.383851968088413820e-01
8.720021419375121319e-01
8.662607587720428937e-01
8.728124944453176104e-01
8.578350847204572194e-01
8.699931877773352529e-01
8.745495618739347332e-01
8.841669947024495269e-01
8.764077449678967513e-01
8.689236883517018617e-01
8.526747240063757838e-01
8.738333038580391454e-01
8.589718071047141024e-01
8.642724919790529814e-01
8.711111657910877160e-01
8.688640478694311664e-01
8.571532420477242509e-01
8.686296390211623031e-01
8.577432340417562306e-01
8.550498220966682439e-01
8.417929243382972215e-01
8.466424646157404421e-01
8.543285945745217047e-01
8.565206517656276386e-01
8.696693316932212481e-01
8.648629017795831375e-01
8.674609363541695428e-01
8.538964292635370379e-01
8.647183474655212310e-01
8.411081175075105776e-01
8.689219644761524419e-01
8.736181994204226253e-01
8.856843512420914388e-01
8.858676050882925423e-01
8.586120392047422722e-01
8.593548829027393143e-01
8.125072552106228363e-01
8.490188100783588876e-01
8.538906046665961647e-01
8.511319585386714071e-01
8.560382758871827313e-01
8.496012922606105411e-01
8.430717306508401787e-01
8.318158854624796428e-01
8.197451427270404656e-01
8.425272799178367134e-01
8.129214024313299314e-01
8.782099328955370598e-01
8.167404591627550614e-01
8.345205066970798891e-01
8.445697021758873380e-01
8.610061843505986134e-01
8.594981375429319170e-01
7.961882660297838754e-01
8.333582472685838738e-01
8.478750469298451664e-01
8.255003246017139640e-01
8.327966591381970041e-01
8.479048694177611090e-01
8.671935808348906205e-01
8.126532728399329386e-01
8.402756113379457048e-01
8.568083261787023952e-01
8.769411785699229300e-01
8.609523667999420260e-01
8.624988846567505085e-01
8.665644609690669187e-01
8.527451414408889763e-01
8.324799231075902251e-01
8.419523023877845125e-01
8.345658797076922486e-01
8.051189374560598910e-01
8.609219172490736316e-01
8.256493051231755809e-01
8.299664947098093215e-01
7.896105591328063111e-01
8.171292810007816376e-01
8.453712708732573633e-01
8.485616000384808011e-01
8.046978725529548848e-01
8.342177472874451327e-01
8.332860354709584749e-01
8.519587017892095160e-01
8.567573267917963920e-01
8.234918524021281883e-01
8.803220088265045762e-01
8.370516123206419579e-01
8.417538611665431603e-01
8.229971944369153247e-01
8.202149656802601996e-01
8.348020177333335123e-01
8.074546365935727499e-01
8.266136183883946442e-01
8.625488640215565050e-01
8.723074546003507512e-01
7.263617365861091413e-01
8.246744158663742441e-01
8.531684525618322690e-01
8.443259379586872670e-01
8.119572581258504007e-01
8.045923573986751842e-01
8.295983621009997977e-01
7.634212910708220168e-01
8.130553156965412143e-01
8.354259054134646201e-01
8.175631587003072687e-01
8.156299326465304977e-01
7.979734886892528856e-01
8.553634270095047398e-01
8.593537426380251087e-01
8.282374098616354097e-01
8.529539609003087275e-01
8.282952903018121482e-01
8.450218005528626897e-01
8.628980290487896498e-01
8.450966868739554494e-01
8.418463706938468238e-01
8.088196247910217629e-01
8.595669907740240978e-01
8.556048786642910242e-01
8.579752576384354068e-01
7.965099377738400488e-01
8.186957787194169001e-01
8.298260189020211230e-01
8.357949781816543799e-01
7.812461966769685962e-01
8.602945704705774466e-01
8.492155211572077755e-01
8.320063067225755837e-01
8.482896972707192340e-01
8.451795810081877969e-01
8.464795656179161520e-01
8.468865307492735583e-01
8.600132225130717734e-01
8.415947279499453870e-01
8.418242514247737951e-01
8.427708650470434604e-01
8.448013059231125332e-01
8.279983744961958436e-01
8.390916189540439385e-01
8.589577693816108361e-01
8.497282682934430564e-01
8.388420786997853318e-01
8.451393217917928524e-01
8.532150692423045024e-01
8.577020824734643556e-01
8.495785605518697547e-01
8.614982469847517477e-01
8.548168090931168583e-01
8.573963501458871095e-01
8.615103464897526653e-01
8.578103876334185474e-01
8.513308772109434708e-01
8.635474203082794675e-01
8.559453626997749476e-01
8.278644686289824417e-01
8.247102178735130629e-01
8.485268130239325135e-01
8.629512405431036814e-01
8.403723739119459690e-01
8.596715998528887681e-01
8.731031467024775727e-01
8.071508043045866332e-01
8.819090324770434419e-01
8.459928604148239106e-01
8.342807150293136687e-01
8.264660307035570641e-01
8.569973286452742256e-01
8.355812481570211725e-01
8.561189874218079199e-01
8.461453332402536498e-01
8.134126917688334624e-01
8.390401357262098347e-01
8.711797918999297785e-01
8.338962367016138355e-01
8.476826770571392888e-01
8.683253021698187357e-01
8.446160214829457891e-01
8.515417263412130566e-01
8.564869636830184652e-01
8.712756967163544086e-01
8.605240659718360607e-01
8.544592344746180235e-01
8.537504532449305961e-01
8.016328161128994934e-01
8.362795720784393927e-01
8.278023962445071326e-01
8.728311893250204623e-01
8.669611323962770344e-01
8.413264604297023830e-01
8.680970619418598710e-01
8.512924370702810162e-01
8.390930738046006310e-01
8.371532936546171033e-01
8.535497535470577546e-01
8.508119799384243898e-01
8.677758135878744783e-01
8.710953467044123544e-01
8.496953298712226488e-01
8.568122983299614193e-01
8.582534288640004672e-01
8.071719079655523821e-01
8.168120335633062279e-01
8.727687922666842457e-01
8.789847917743771610e-01
8.601966821055415657e-01
8.777717339995687595e-01
8.774271207776823678e-01
8.776922931599818734e-01
8.727110333381234986e-01
8.551024528863169216e-01
8.703115868650350695e-01
8.092832981363160538e-01
7.573709947698594735e-01
8.000789175989125868e-01
8.534765085784811189e-01
8.448612081818587249e-01
8.303531810797063484e-01
8.458679596495702890e-01
8.690199919456322863e-01
8.628902101402456948e-01
8.693151984444130731e-01
8.590915574341326799e-01
8.631397937135308895e-01
8.575706607070991971e-01
8.532666817079076482e-01
8.623845063431468949e-01
8.562780204520430427e-01
8.593592691174612996e-01
8.666933920001805847e-01
8.703858782852412768e-01
8.509937600559439597e-01
8.616403660626772432e-01
8.576787645288012074e-01
8.635931616995387028e-01
8.739183770173027943e-01
8.675052512292215079e-01
8.774172892222119602e-01
8.334911998386883569e-01
8.282270878826960558e-01
8.697393711227318081e-01
8.710564566195603264e-01
8.797438393516492372e-01
8.834813719612024663e-01
8.500866282297868670e-01
8.489658753393873880e-01
8.740655278321078914e-01
8.580326884730771209e-01
8.747520240078313636e-01
8.782775704271009731e-01
8.688618877151169650e-01
8.677484984148515768e-01
8.640717760175482542e-01
8.570111342829578316e-01
8.654119518139103961e-01
8.456645543599379256e-01
8.420124707210097093e-01
8.157266341869718884e-01
8.439756620614828897e-01
8.199811993121066678e-01
7.910786522908788143e-01
8.415343547802347501e-01
7.673441955294163508e-01
8.766584507802639425e-01
8.317889341309173679e-01
8.586146845727422594e-01
8.716965572619607139e-01
8.703108750497388080e-01
8.615419662211415419e-01
8.741270159186896871e-01
8.674954835194413905e-01
8.352672542793065924e-01
8.429450753995145762e-01
8.738747991006827753e-01
8.672683885700867013e-01
8.519776854545634270e-01
8.460512882863178152e-01
8.584543247132253585e-01
8.518118340918249265e-01
8.380676843892613803e-01
8.374585531777454239e-01
8.690696737302027186e-01
8.673066380671203834e-01
8.510615848228859637e-01
8.628583987432356661e-01
8.419501763136456596e-01
8.618612853866038925e-01
8.475534967675592002e-01
8.475140664026599158e-01
8.180214875567707322e-01
8.523186233756144814e-01
8.343519028711304797e-01
8.049315342692979769e-01
7.836218504696668141e-01
8.376647598288057273e-01
7.966914669670316362e-01
8.378867934457757682e-01
8.199542666296804061e-01
8.237774667314041732e-01
8.449767092038740213e-01
8.300722425227593515e-01
8.493621810309552878e-01
8.450581271363776237e-01
8.374750370520743781e-01
8.390972480880948270e-01
8.167000590671014137e-01
8.038543656254361069e-01
8.293896022989603045e-01
8.349692018656373893e-01
8.491121100523584264e-01
8.453352973478065469e-01
8.365778192263109148e-01
8.441262210149482748e-01
8.647426382636684838e-01
8.621388786274828409e-01
8.636366875854921688e-01
8.501184877271278362e-01
8.453136154993204920e-01
8.042555130138577812e-01
8.541889215353241083e-01
8.461610653321872677e-01
8.547511480731424527e-01
8.602466229078311599e-01
8.591532780683764914e-01
8.593459890932125811e-01
8.507141158484483601e-01
8.634537767257824958e-01
8.655860828334763779e-01
8.465442000359970631e-01
8.461563324870611247e-01
8.441250501607796553e-01
8.499168527297820130e-01
8.647236281912713540e-01
8.455758263277770581e-01
8.817024117680413164e-01
8.823883277657146307e-01
8.869818166670214721e-01
8.896932119587762644e-01
8.769457178942619002e-01
8.786144211993753839e-01
8.828307327492035395e-01
8.865325084160556868e-01
8.865456982307663436e-01
8.776996045128426793e-01
8.836580924466327369e-01
8.575270746592029703e-01
8.268579260432811218e-01
8.196252113484355784e-01
8.314649553360410339e-01
7.969833554907392870e-01
8.173170303960118899e-01
7.905208147290996301e-01
7.890705401244368922e-01
7.977866316684613102e-01
8.265993654153322989e-01
7.904596727878828721e-01
8.238714222742999915e-01
7.905777818009859237e-01
7.897703156067409358e-01
8.091007569964263624e-01
8.836242453616799386e-01
8.802724993153323574e-01
8.797908683701338717e-01
8.809504350207882917e-01
8.727350733990452136e-01
8.670300910474840750e-01
8.635968531686569749e-01
8.827063993977966039e-01
8.749148538042642587e-01
8.802290701822822472e-01
8.599664929468521235e-01
8.607245579292646109e-01
8.583866320306561271e-01
8.524374071784358575e-01
8.489969317801633331e-01
8.033378637849800663e-01
8.447218039892079311e-01
8.408045479167105540e-01
8.296826043845095811e-01
8.678031466025744045e-01
8.687342418571375458e-01
8.655554754997191180e-01
8.638686004045362798e-01
8.131220295391341502e-01
8.176639024948397783e-01
8.215297329181223684e-01
8.142924541848611808e-01
8.195267901318885606e-01
7.975384547572883509e-01
7.939790179524651714e-01
8.224429272512226996e-01
8.239494250485794868e-01
8.187030255444396332e-01
6.158962490182769978e-01
7.997969670605906689e-01
8.199042887505996191e-01
8.439278068073855499e-01
8.647198159616273916e-01
8.606072095898872343e-01
8.718622648141775011e-01
8.569951881789084069e-01
8.643547922712010445e-01
8.567791508353292951e-01
8.936565822036321993e-01
8.607359426844549688e-01
8.742693964214827140e-01
8.673113812670804057e-01
8.637600169028708530e-01
8.639113765392224531e-01
8.398976785123588584e-01
8.189359831604673401e-01
8.402558920282694466e-01
8.738370562577564282e-01
8.465161094408188980e-01
8.547429828693693388e-01
8.628991532581375967e-01
8.407676510178508922e-01
8.337577121898487320e-01
8.320488121774387569e-01
8.705553904202970594e-01
8.782019248601348194e-01
8.645440925025231760e-01
8.496033165694014677e-01
8.446671032701762449e-01
8.656702304128484071e-01
8.595662960707227684e-01
8.764811733057180643e-01
8.596688181642517801e-01
8.544567980715913613e-01
8.617003700423645496e-01
8.317939892450921802e-01
8.113685550648407352e-01
8.624379014804505195e-01
8.215046505204721683e-01
8.606517688303053637e-01
8.308675778871075224e-01
8.321726612103029774e-01
8.542735766058394686e-01
